<?xml version="1.0" encoding="UTF-8"?>
<testng-results ignored="0" total="1" passed="1" failed="0" skipped="0">
  <reporter-output>
  </reporter-output>
  <suite started-at="2026-03-17T16:20:17 IST" name="Default suite" finished-at="2026-03-17T16:20:18 IST" duration-ms="195">
    <groups>
    </groups>
    <test started-at="2026-03-17T16:20:17 IST" name="Default test" finished-at="2026-03-17T16:20:18 IST" duration-ms="195">
      <class name="callingTest">
        <test-method signature="launch()[pri:0, instance:callingTest@2552f2cb]" started-at="2026-03-17T16:20:18 IST" name="launch" finished-at="2026-03-17T16:20:18 IST" duration-ms="40" status="PASS">
          <reporter-output>
          </reporter-output>
        </test-method> <!-- launch -->
      </class> <!-- callingTest -->
    </test> <!-- Default test -->
  </suite> <!-- Default suite -->
</testng-results>
